connected to redis...
Listening on port 5000
[0mGET /api/v1/users [33m401[0m 47.067 ms - 55[0m
0
{}
[0mGET /api/v1/houses [36m304[0m 153.447 ms - -[0m
[0mGET /api/v1/users [33m401[0m 4.876 ms - 55[0m
[0mOPTIONS /api/v1/login [32m204[0m 3.805 ms - 0[0m
[0mPOST /api/v1/login [32m200[0m 737.056 ms - 42[0m
[0mGET /api/v1/users [36m304[0m 10.238 ms - -[0m
0
{}
[0mGET /api/v1/houses? [36m304[0m 22.965 ms - -[0m
0
{}
0
{}
[0mGET /api/v1/users [36m304[0m 8.915 ms - -[0m
[0mGET /api/v1/houses? [36m304[0m 66.755 ms - -[0m
[0mGET /api/v1/houses [36m304[0m 95.836 ms - -[0m
